[0m15:43:29.565442 [debug] [MainThread]: Sending event: {'category': 'dbt', 'action': 'invocation', 'label': 'start', 'context': [<snowplow_tracker.self_describing_json.SelfDescribingJson object at 0x068F0E50>, <snowplow_tracker.self_describing_json.SelfDescribingJson object at 0x068F8F30>, <snowplow_tracker.self_describing_json.SelfDescribingJson object at 0x068F8BB0>]}


============================== 15:43:29.570961 | 0d0dc61f-ddcd-4a2e-8acd-0bd2bfc61695 ==============================
[0m15:43:29.570961 [info ] [MainThread]: Running with dbt=1.7.1
[0m15:43:29.571970 [debug] [MainThread]: running dbt with arguments {'printer_width': '80', 'invocation_command': 'dbt init dbt_example', 'use_colors': 'True', 'profiles_dir': 'C:\\Users\\emmah\\.dbt', 'version_check': 'True', 'partial_parse': 'True', 'cache_selected_only': 'False', 'fail_fast': 'False', 'static_parser': 'True', 'target_path': 'None', 'log_format': 'default', 'debug': 'False', 'log_path': 'logs', 'log_cache_events': 'False', 'warn_error': 'None', 'quiet': 'False', 'no_print': 'None', 'use_experimental_parser': 'False', 'write_json': 'True', 'introspect': 'True', 'indirect_selection': 'eager', 'warn_error_options': 'WarnErrorOptions(include=[], exclude=[])', 'send_anonymous_usage_stats': 'True'}
[0m15:43:29.573067 [debug] [MainThread]: Starter project path: C:\Users\emmah\code-github\duckdbt\.venv\Lib\site-packages\dbt\include\starter_project
[0m15:43:29.613630 [info ] [MainThread]: 
Your new dbt project "dbt_example" was created!

For more information on how to configure the profiles.yml file,
please consult the dbt documentation here:

  https://docs.getdbt.com/docs/configure-your-profile

One more thing:

Need help? Don't hesitate to reach out to us via GitHub issues or on Slack:

  https://community.getdbt.com/

Happy modeling!

[0m15:43:29.615800 [info ] [MainThread]: Setting up your profile.
[0m15:43:44.469981 [debug] [MainThread]: Command `dbt init` succeeded at 15:43:44.469476 after 14.96 seconds
[0m15:43:44.469981 [debug] [MainThread]: Sending event: {'category': 'dbt', 'action': 'invocation', 'label': 'end', 'context': [<snowplow_tracker.self_describing_json.SelfDescribingJson object at 0x06943830>, <snowplow_tracker.self_describing_json.SelfDescribingJson object at 0x069438D0>, <snowplow_tracker.self_describing_json.SelfDescribingJson object at 0x016CFAD0>]}
[0m15:43:44.471142 [debug] [MainThread]: Flushing usage events
[0m15:44:38.642571 [debug] [MainThread]: Sending event: {'category': 'dbt', 'action': 'invocation', 'label': 'start', 'context': [<snowplow_tracker.self_describing_json.SelfDescribingJson object at 0x0768A8B0>, <snowplow_tracker.self_describing_json.SelfDescribingJson object at 0x0768AC50>, <snowplow_tracker.self_describing_json.SelfDescribingJson object at 0x07670EF0>]}


============================== 15:44:38.646568 | 63ac0ecd-b1c4-4d76-8c7a-1c56dcd733d0 ==============================
[0m15:44:38.646568 [info ] [MainThread]: Running with dbt=1.7.1
[0m15:44:38.647653 [debug] [MainThread]: running dbt with arguments {'printer_width': '80', 'invocation_command': 'dbt init dbt_example1', 'use_colors': 'True', 'profiles_dir': 'C:\\Users\\emmah\\.dbt', 'version_check': 'True', 'partial_parse': 'True', 'cache_selected_only': 'False', 'fail_fast': 'False', 'log_cache_events': 'False', 'target_path': 'None', 'warn_error': 'None', 'debug': 'False', 'log_path': 'logs', 'log_format': 'default', 'static_parser': 'True', 'quiet': 'False', 'no_print': 'None', 'use_experimental_parser': 'False', 'write_json': 'True', 'introspect': 'True', 'indirect_selection': 'eager', 'warn_error_options': 'WarnErrorOptions(include=[], exclude=[])', 'send_anonymous_usage_stats': 'True'}
[0m15:44:38.648698 [debug] [MainThread]: Starter project path: C:\Users\emmah\code-github\duckdbt\.venv\Lib\site-packages\dbt\include\starter_project
[0m15:44:38.662676 [info ] [MainThread]: 
Your new dbt project "dbt_example1" was created!

For more information on how to configure the profiles.yml file,
please consult the dbt documentation here:

  https://docs.getdbt.com/docs/configure-your-profile

One more thing:

Need help? Don't hesitate to reach out to us via GitHub issues or on Slack:

  https://community.getdbt.com/

Happy modeling!

[0m15:44:38.664912 [info ] [MainThread]: Setting up your profile.
[0m15:51:30.609898 [error] [MainThread]: Encountered an error:

[0m15:51:30.612905 [error] [MainThread]: Traceback (most recent call last):
  File "C:\Users\emmah\code-github\duckdbt\.venv\Lib\site-packages\dbt\cli\requires.py", line 90, in wrapper
    result, success = func(*args, **kwargs)
                      ^^^^^^^^^^^^^^^^^^^^^
  File "C:\Users\emmah\code-github\duckdbt\.venv\Lib\site-packages\dbt\cli\requires.py", line 75, in wrapper
    return func(*args, **kwargs)
           ^^^^^^^^^^^^^^^^^^^^^
  File "C:\Users\emmah\code-github\duckdbt\.venv\Lib\site-packages\dbt\cli\main.py", line 515, in init
    results = task.run()
              ^^^^^^^^^^
  File "C:\Users\emmah\code-github\duckdbt\.venv\Lib\site-packages\dbt\task\init.py", line 344, in run
    self.setup_profile(profile_name)
  File "C:\Users\emmah\code-github\duckdbt\.venv\Lib\site-packages\dbt\task\init.py", line 263, in setup_profile
    adapter = self.ask_for_adapter_choice()
              ^^^^^^^^^^^^^^^^^^^^^^^^^^^^^
  File "C:\Users\emmah\code-github\duckdbt\.venv\Lib\site-packages\dbt\task\init.py", line 244, in ask_for_adapter_choice
    numeric_choice = click.prompt(prompt_msg, type=click.INT)
                     ^^^^^^^^^^^^^^^^^^^^^^^^^^^^^^^^^^^^^^^^
  File "C:\Users\emmah\code-github\duckdbt\.venv\Lib\site-packages\click\termui.py", line 164, in prompt
    value = prompt_func(prompt)
            ^^^^^^^^^^^^^^^^^^^
  File "C:\Users\emmah\code-github\duckdbt\.venv\Lib\site-packages\click\termui.py", line 147, in prompt_func
    raise Abort() from None
click.exceptions.Abort

[0m15:51:30.616907 [debug] [MainThread]: Command `dbt init` failed at 15:51:30.615908 after 412.02 seconds
[0m15:51:30.616907 [debug] [MainThread]: Sending event: {'category': 'dbt', 'action': 'invocation', 'label': 'end', 'context': [<snowplow_tracker.self_describing_json.SelfDescribingJson object at 0x076C1910>, <snowplow_tracker.self_describing_json.SelfDescribingJson object at 0x076C19D0>, <snowplow_tracker.self_describing_json.SelfDescribingJson object at 0x07670D70>]}
[0m15:51:30.616907 [debug] [MainThread]: Flushing usage events
